2022/11/22 14:05:58 INFO  - jmeter.util.JMeterUtils: Setting Locale to en_US 
2022/11/22 14:05:58 INFO  - jmeter.save.SaveService: Testplan (JMX) version: 2.2. Testlog (JTL) version: 2.2 
2022/11/22 14:05:58 INFO  - jmeter.save.SaveService: Using SaveService properties version 5.0 
2022/11/22 14:05:58 INFO  - jmeter.save.SaveService: Using SaveService properties file encoding UTF-8 
2022/11/22 14:05:58 WARN  - jmeter.save.SaveService: Bad _version - expected 3.1, found 5.0. 
2022/11/22 14:05:58 INFO  - jmeter.save.SaveService: All converter versions present and correct 
2022/11/22 14:05:58 INFO  - jmeter.protocol.http.sampler.HTTPSamplerBase: Parser for text/html is org.apache.jmeter.protocol.http.parser.LagartoBasedHtmlParser 
2022/11/22 14:05:58 INFO  - jmeter.protocol.http.sampler.HTTPSamplerBase: Parser for application/xhtml+xml is org.apache.jmeter.protocol.http.parser.LagartoBasedHtmlParser 
2022/11/22 14:05:58 INFO  - jmeter.protocol.http.sampler.HTTPSamplerBase: Parser for application/xml is org.apache.jmeter.protocol.http.parser.LagartoBasedHtmlParser 
2022/11/22 14:05:58 INFO  - jmeter.protocol.http.sampler.HTTPSamplerBase: Parser for text/xml is org.apache.jmeter.protocol.http.parser.LagartoBasedHtmlParser 
2022/11/22 14:05:58 INFO  - jmeter.protocol.http.sampler.HTTPSamplerBase: Parser for text/vnd.wap.wml is org.apache.jmeter.protocol.http.parser.RegexpHTMLParser 
2022/11/22 14:05:58 INFO  - jmeter.protocol.http.sampler.HTTPSamplerBase: Parser for text/css is org.apache.jmeter.protocol.http.parser.CssParser 
2022/11/22 14:05:58 INFO  - jmeter.engine.StandardJMeterEngine: Running the test! 
2022/11/22 14:05:58 INFO  - jmeter.samplers.SampleEvent: List of sample_variables: [] 
2022/11/22 14:05:58 INFO  - jmeter.samplers.SampleEvent: List of sample_variables: [] 
2022/11/22 14:05:58 INFO  - jmeter.engine.util.CompoundVariable: Note: Function class names must contain the string: '.functions.' 
2022/11/22 14:05:58 INFO  - jmeter.engine.util.CompoundVariable: Note: Function class names must not contain the string: '.gui.' 
2022/11/22 14:05:58 WARN  - jmeter.engine.util.CompoundVariable: Did not find any functions 
2022/11/22 14:05:58 INFO  - jmeter.services.FileServer: Default base='D:\EAB\SEL_FMWK_DEV\YouVisitSeleniumPomModel' 
2022/11/22 14:05:58 WARN  - jmeter.reporters.ResultCollector: Error creating directories for C:\Users\TestComplete\Desktop 
2022/11/22 14:05:58 INFO  - jmeter.engine.StandardJMeterEngine: Starting ThreadGroup: 1 : API_Testing 
2022/11/22 14:05:58 INFO  - jmeter.engine.StandardJMeterEngine: Starting 1 threads for group API_Testing. 
2022/11/22 14:05:58 INFO  - jmeter.engine.StandardJMeterEngine: Thread will continue on error 
2022/11/22 14:05:58 INFO  - jmeter.threads.ThreadGroup: Starting thread group number 1 threads 1 ramp-up 1 perThread 1000.0 delayedStart=false 
2022/11/22 14:05:58 INFO  - jmeter.threads.ThreadGroup: Started thread group number 1 
2022/11/22 14:05:58 INFO  - jmeter.engine.StandardJMeterEngine: All thread groups have been started 
2022/11/22 14:05:58 INFO  - jmeter.threads.JMeterThread: Thread started: API_Testing 1-1 
2022/11/22 14:05:58 INFO  - jmeter.protocol.http.sampler.HTTPHCAbstractImpl: Local host = DESKTOP-GVBNMH3 
2022/11/22 14:05:58 INFO  - jmeter.protocol.http.sampler.HTTPHC4Impl: HTTP request retry count = 0 
2022/11/22 14:05:58 INFO  - jmeter.samplers.SampleResult: Note: Sample TimeStamps are START times 
2022/11/22 14:05:58 INFO  - jmeter.samplers.SampleResult: sampleresult.default.encoding is set to ISO-8859-1 
2022/11/22 14:05:58 INFO  - jmeter.samplers.SampleResult: sampleresult.useNanoTime=true 
2022/11/22 14:05:58 INFO  - jmeter.samplers.SampleResult: sampleresult.nanoThreadSleep=5000 
2022/11/22 14:05:58 INFO  - jmeter.threads.JMeterThread: Thread is done: API_Testing 1-1 
2022/11/22 14:05:58 INFO  - jmeter.threads.JMeterThread: Thread finished: API_Testing 1-1 
2022/11/22 14:05:58 INFO  - jmeter.engine.StandardJMeterEngine: Notifying test listeners of end of test 
